<?xml version='1.0' encoding='utf-8'?>
<testsuites name="seat_heating_controller_milsil" tests="2" errors="0" failures="0" skipped="0" timestamp="2025-04-04T11:23:04.180117" time="8"><testsuite name="Requirements-based Tests SIL" tests="2" errors="0" failures="0" skipped="0"><testcase name="condition_check" classname="seat_heating_controller/Subsystem/seat_heating_controller/activation_condition_check" /><testcase name="testHeating" classname="seat_heating_controller/Subsystem/seat_heating_controller" /></testsuite></testsuites>