<?xml version='1.0' encoding='utf-8'?>
<testsuites name="seat_heating_controller_milsil" tests="5" errors="0" failures="0" skipped="0" timestamp="2025-03-31T15:45:23.117869" time="41"><testsuite name="Requirements-based Tests SIL" tests="2" errors="0" failures="0" skipped="0"><testcase name="condition_check" classname="seat_heating_controller/Subsystem/seat_heating_controller/activation_condition_check" /><testcase name="press_button_4_times" classname="seat_heating_controller/Subsystem/seat_heating_controller" /></testsuite><testsuite name="Requirements-based Tests TL MIL" tests="4" errors="0" failures="0" skipped="0"><testcase name="condition_check" classname="seat_heating_controller/Subsystem/seat_heating_controller/activation_condition_check" /><testcase name="press_button_4_times" classname="seat_heating_controller/Subsystem/seat_heating_controller" /></testsuite><testsuite name="B2B Test TL MIL vs. SIL" tests="1"><testcase name="B2B Test TL MIL vs. SIL" classname="seat_heating_controller/Subsystem/seat_heating_controller" /></testsuite></testsuites>