<?xml version='1.0' encoding='utf-8'?>
<testsuites name="seat_heating_controller_milsil" tests="2" errors="0" failures="0" skipped="0" timestamp="2025-04-04T23:13:42.814633" time="12"><testsuite name="Requirements-based Tests SIL" tests="2" errors="0" failures="0" skipped="0"><testcase name="condition_check" classname="seat_heating_controller/Subsystem/seat_heating_controller/activation_condition_check" /><testcase name="testHeatingCycle" classname="seat_heating_controller/Subsystem/seat_heating_controller" /></testsuite></testsuites>